0 info it worked if it ends with ok
1 verbose cli [ '/usr/local/bin/node',
1 verbose cli   '/usr/local/bin/npm',
1 verbose cli   'i',
1 verbose cli   'babel-core',
1 verbose cli   'babel-loader',
1 verbose cli   'babel-preset-react',
1 verbose cli   'babel-preset-en',
1 verbose cli   '--save-dev' ]
2 info using npm@3.10.10
3 info using node@v6.11.1
4 verbose config Skipping project config: /Users/mpb15sz/.npmrc. (matches userconfig)
5 silly loadCurrentTree Starting
6 silly install loadCurrentTree
7 silly install readLocalPackageData
8 silly fetchPackageMetaData babel-core
9 silly fetchPackageMetaData babel-loader
10 silly fetchPackageMetaData babel-preset-react
11 silly fetchPackageMetaData babel-preset-en
12 silly fetchNamedPackageData babel-core
13 silly mapToRegistry name babel-core
14 silly mapToRegistry using default registry
15 silly mapToRegistry registry https://registry.npmjs.org/
16 silly mapToRegistry data Result {
16 silly mapToRegistry   raw: 'babel-core',
16 silly mapToRegistry   scope: null,
16 silly mapToRegistry   escapedName: 'babel-core',
16 silly mapToRegistry   name: 'babel-core',
16 silly mapToRegistry   rawSpec: '',
16 silly mapToRegistry   spec: 'latest',
16 silly mapToRegistry   type: 'tag' }
17 silly mapToRegistry uri https://registry.npmjs.org/babel-core
18 silly fetchNamedPackageData babel-loader
19 silly mapToRegistry name babel-loader
20 silly mapToRegistry using default registry
21 silly mapToRegistry registry https://registry.npmjs.org/
22 silly mapToRegistry data Result {
22 silly mapToRegistry   raw: 'babel-loader',
22 silly mapToRegistry   scope: null,
22 silly mapToRegistry   escapedName: 'babel-loader',
22 silly mapToRegistry   name: 'babel-loader',
22 silly mapToRegistry   rawSpec: '',
22 silly mapToRegistry   spec: 'latest',
22 silly mapToRegistry   type: 'tag' }
23 silly mapToRegistry uri https://registry.npmjs.org/babel-loader
24 silly fetchNamedPackageData babel-preset-react
25 silly mapToRegistry name babel-preset-react
26 silly mapToRegistry using default registry
27 silly mapToRegistry registry https://registry.npmjs.org/
28 silly mapToRegistry data Result {
28 silly mapToRegistry   raw: 'babel-preset-react',
28 silly mapToRegistry   scope: null,
28 silly mapToRegistry   escapedName: 'babel-preset-react',
28 silly mapToRegistry   name: 'babel-preset-react',
28 silly mapToRegistry   rawSpec: '',
28 silly mapToRegistry   spec: 'latest',
28 silly mapToRegistry   type: 'tag' }
29 silly mapToRegistry uri https://registry.npmjs.org/babel-preset-react
30 silly fetchNamedPackageData babel-preset-en
31 silly mapToRegistry name babel-preset-en
32 silly mapToRegistry using default registry
33 silly mapToRegistry registry https://registry.npmjs.org/
34 silly mapToRegistry data Result {
34 silly mapToRegistry   raw: 'babel-preset-en',
34 silly mapToRegistry   scope: null,
34 silly mapToRegistry   escapedName: 'babel-preset-en',
34 silly mapToRegistry   name: 'babel-preset-en',
34 silly mapToRegistry   rawSpec: '',
34 silly mapToRegistry   spec: 'latest',
34 silly mapToRegistry   type: 'tag' }
35 silly mapToRegistry uri https://registry.npmjs.org/babel-preset-en
36 verbose request uri https://registry.npmjs.org/babel-preset-en
37 verbose request no auth needed
38 info attempt registry request try #1 at 11:39:28 PM
39 verbose request id 36323922f8c63547
40 http request GET https://registry.npmjs.org/babel-preset-en
41 verbose request uri https://registry.npmjs.org/babel-loader
42 verbose request no auth needed
43 info attempt registry request try #1 at 11:39:28 PM
44 verbose etag W/"59d71ba9-18a46"
45 verbose lastModified Fri, 06 Oct 2017 05:59:05 GMT
46 http request GET https://registry.npmjs.org/babel-loader
47 verbose request uri https://registry.npmjs.org/babel-preset-react
48 verbose request no auth needed
49 info attempt registry request try #1 at 11:39:28 PM
50 verbose etag W/"59d71bb7-d79b"
51 verbose lastModified Fri, 06 Oct 2017 05:59:19 GMT
52 http request GET https://registry.npmjs.org/babel-preset-react
53 verbose request uri https://registry.npmjs.org/babel-core
54 verbose request no auth needed
55 info attempt registry request try #1 at 11:39:28 PM
56 verbose etag W/"59d7f2b4-807c2"
57 verbose lastModified Fri, 06 Oct 2017 21:16:36 GMT
58 http request GET https://registry.npmjs.org/babel-core
59 http 304 https://registry.npmjs.org/babel-loader
60 verbose headers { date: 'Tue, 10 Oct 2017 04:39:28 GMT',
60 verbose headers   via: '1.1 varnish',
60 verbose headers   'cache-control': 'max-age=300',
60 verbose headers   etag: 'W/"59d71ba9-18a46"',
60 verbose headers   age: '111',
60 verbose headers   connection: 'keep-alive',
60 verbose headers   'x-served-by': 'cache-dfw18635-DFW',
60 verbose headers   'x-cache': 'HIT',
60 verbose headers   'x-cache-hits': '2',
60 verbose headers   'x-timer': 'S1507610369.726391,VS0,VE0',
60 verbose headers   vary: 'Accept-Encoding, Accept' }
61 silly get cb [ 304,
61 silly get   { date: 'Tue, 10 Oct 2017 04:39:28 GMT',
61 silly get     via: '1.1 varnish',
61 silly get     'cache-control': 'max-age=300',
61 silly get     etag: 'W/"59d71ba9-18a46"',
61 silly get     age: '111',
61 silly get     connection: 'keep-alive',
61 silly get     'x-served-by': 'cache-dfw18635-DFW',
61 silly get     'x-cache': 'HIT',
61 silly get     'x-cache-hits': '2',
61 silly get     'x-timer': 'S1507610369.726391,VS0,VE0',
61 silly get     vary: 'Accept-Encoding, Accept' } ]
62 verbose etag https://registry.npmjs.org/babel-loader from cache
63 verbose get saving babel-loader to /Users/mpb15sz/.npm/registry.npmjs.org/babel-loader/.cache.json
64 verbose correctMkdir /Users/mpb15sz/.npm correctMkdir not in flight; initializing
65 http 304 https://registry.npmjs.org/babel-core
66 verbose headers { date: 'Tue, 10 Oct 2017 04:39:28 GMT',
66 verbose headers   via: '1.1 varnish',
66 verbose headers   'cache-control': 'max-age=300',
66 verbose headers   etag: 'W/"59d7f2b4-807c2"',
66 verbose headers   age: '242',
66 verbose headers   connection: 'keep-alive',
66 verbose headers   'x-served-by': 'cache-dfw18644-DFW',
66 verbose headers   'x-cache': 'HIT',
66 verbose headers   'x-cache-hits': '1',
66 verbose headers   'x-timer': 'S1507610369.726286,VS0,VE1',
66 verbose headers   vary: 'Accept-Encoding, Accept' }
67 silly get cb [ 304,
67 silly get   { date: 'Tue, 10 Oct 2017 04:39:28 GMT',
67 silly get     via: '1.1 varnish',
67 silly get     'cache-control': 'max-age=300',
67 silly get     etag: 'W/"59d7f2b4-807c2"',
67 silly get     age: '242',
67 silly get     connection: 'keep-alive',
67 silly get     'x-served-by': 'cache-dfw18644-DFW',
67 silly get     'x-cache': 'HIT',
67 silly get     'x-cache-hits': '1',
67 silly get     'x-timer': 'S1507610369.726286,VS0,VE1',
67 silly get     vary: 'Accept-Encoding, Accept' } ]
68 verbose etag https://registry.npmjs.org/babel-core from cache
69 verbose get saving babel-core to /Users/mpb15sz/.npm/registry.npmjs.org/babel-core/.cache.json
70 verbose correctMkdir /Users/mpb15sz/.npm correctMkdir already in flight; waiting
71 http 304 https://registry.npmjs.org/babel-preset-react
72 verbose headers { date: 'Tue, 10 Oct 2017 04:39:28 GMT',
72 verbose headers   via: '1.1 varnish',
72 verbose headers   'cache-control': 'max-age=300',
72 verbose headers   etag: 'W/"59d71bb7-d79b"',
72 verbose headers   age: '106',
72 verbose headers   connection: 'keep-alive',
72 verbose headers   'x-served-by': 'cache-dfw18628-DFW',
72 verbose headers   'x-cache': 'HIT',
72 verbose headers   'x-cache-hits': '1',
72 verbose headers   'x-timer': 'S1507610369.727656,VS0,VE0',
72 verbose headers   vary: 'Accept-Encoding, Accept' }
73 silly get cb [ 304,
73 silly get   { date: 'Tue, 10 Oct 2017 04:39:28 GMT',
73 silly get     via: '1.1 varnish',
73 silly get     'cache-control': 'max-age=300',
73 silly get     etag: 'W/"59d71bb7-d79b"',
73 silly get     age: '106',
73 silly get     connection: 'keep-alive',
73 silly get     'x-served-by': 'cache-dfw18628-DFW',
73 silly get     'x-cache': 'HIT',
73 silly get     'x-cache-hits': '1',
73 silly get     'x-timer': 'S1507610369.727656,VS0,VE0',
73 silly get     vary: 'Accept-Encoding, Accept' } ]
74 verbose etag https://registry.npmjs.org/babel-preset-react from cache
75 verbose get saving babel-preset-react to /Users/mpb15sz/.npm/registry.npmjs.org/babel-preset-react/.cache.json
76 verbose correctMkdir /Users/mpb15sz/.npm correctMkdir already in flight; waiting
77 http 404 https://registry.npmjs.org/babel-preset-en
78 verbose headers { 'content-type': 'application/json',
78 verbose headers   'cache-control': 'max-age=0',
78 verbose headers   'content-length': '2',
78 verbose headers   'accept-ranges': 'bytes',
78 verbose headers   date: 'Tue, 10 Oct 2017 04:39:29 GMT',
78 verbose headers   via: '1.1 varnish',
78 verbose headers   age: '0',
78 verbose headers   connection: 'keep-alive',
78 verbose headers   'x-served-by': 'cache-dfw18638-DFW',
78 verbose headers   'x-cache': 'MISS',
78 verbose headers   'x-cache-hits': '0',
78 verbose headers   'x-timer': 'S1507610369.726314,VS0,VE296',
78 verbose headers   vary: 'Accept-Encoding' }
79 silly get cb [ 404,
79 silly get   { 'content-type': 'application/json',
79 silly get     'cache-control': 'max-age=0',
79 silly get     'content-length': '2',
79 silly get     'accept-ranges': 'bytes',
79 silly get     date: 'Tue, 10 Oct 2017 04:39:29 GMT',
79 silly get     via: '1.1 varnish',
79 silly get     age: '0',
79 silly get     connection: 'keep-alive',
79 silly get     'x-served-by': 'cache-dfw18638-DFW',
79 silly get     'x-cache': 'MISS',
79 silly get     'x-cache-hits': '0',
79 silly get     'x-timer': 'S1507610369.726314,VS0,VE296',
79 silly get     vary: 'Accept-Encoding' } ]
80 silly fetchPackageMetaData Error: Registry returned 404 for GET on https://registry.npmjs.org/babel-preset-en
80 silly fetchPackageMetaData     at makeError (/usr/local/lib/node_modules/npm/node_modules/npm-registry-client/lib/request.js:302:12)
80 silly fetchPackageMetaData     at CachingRegistryClient.<anonymous> (/usr/local/lib/node_modules/npm/node_modules/npm-registry-client/lib/request.js:280:14)
80 silly fetchPackageMetaData     at Request._callback (/usr/local/lib/node_modules/npm/node_modules/npm-registry-client/lib/request.js:210:14)
80 silly fetchPackageMetaData     at Request.self.callback (/usr/local/lib/node_modules/npm/node_modules/request/request.js:187:22)
80 silly fetchPackageMetaData     at emitTwo (events.js:106:13)
80 silly fetchPackageMetaData     at Request.emit (events.js:191:7)
80 silly fetchPackageMetaData     at Request.<anonymous> (/usr/local/lib/node_modules/npm/node_modules/request/request.js:1048:10)
80 silly fetchPackageMetaData     at emitOne (events.js:96:13)
80 silly fetchPackageMetaData     at Request.emit (events.js:188:7)
80 silly fetchPackageMetaData     at IncomingMessage.<anonymous> (/usr/local/lib/node_modules/npm/node_modules/request/request.js:969:12)
80 silly fetchPackageMetaData  error for babel-preset-en { Error: Registry returned 404 for GET on https://registry.npmjs.org/babel-preset-en
80 silly fetchPackageMetaData     at makeError (/usr/local/lib/node_modules/npm/node_modules/npm-registry-client/lib/request.js:302:12)
80 silly fetchPackageMetaData     at CachingRegistryClient.<anonymous> (/usr/local/lib/node_modules/npm/node_modules/npm-registry-client/lib/request.js:280:14)
80 silly fetchPackageMetaData     at Request._callback (/usr/local/lib/node_modules/npm/node_modules/npm-registry-client/lib/request.js:210:14)
80 silly fetchPackageMetaData     at Request.self.callback (/usr/local/lib/node_modules/npm/node_modules/request/request.js:187:22)
80 silly fetchPackageMetaData     at emitTwo (events.js:106:13)
80 silly fetchPackageMetaData     at Request.emit (events.js:191:7)
80 silly fetchPackageMetaData     at Request.<anonymous> (/usr/local/lib/node_modules/npm/node_modules/request/request.js:1048:10)
80 silly fetchPackageMetaData     at emitOne (events.js:96:13)
80 silly fetchPackageMetaData     at Request.emit (events.js:188:7)
80 silly fetchPackageMetaData     at IncomingMessage.<anonymous> (/usr/local/lib/node_modules/npm/node_modules/request/request.js:969:12) pkgid: 'babel-preset-en', statusCode: 404, code: 'E404' }
81 silly rollbackFailedOptional Starting
82 silly rollbackFailedOptional Finishing
83 silly runTopLevelLifecycles Finishing
84 silly install printInstalled
85 verbose stack Error: Registry returned 404 for GET on https://registry.npmjs.org/babel-preset-en
85 verbose stack     at makeError (/usr/local/lib/node_modules/npm/node_modules/npm-registry-client/lib/request.js:302:12)
85 verbose stack     at CachingRegistryClient.<anonymous> (/usr/local/lib/node_modules/npm/node_modules/npm-registry-client/lib/request.js:280:14)
85 verbose stack     at Request._callback (/usr/local/lib/node_modules/npm/node_modules/npm-registry-client/lib/request.js:210:14)
85 verbose stack     at Request.self.callback (/usr/local/lib/node_modules/npm/node_modules/request/request.js:187:22)
85 verbose stack     at emitTwo (events.js:106:13)
85 verbose stack     at Request.emit (events.js:191:7)
85 verbose stack     at Request.<anonymous> (/usr/local/lib/node_modules/npm/node_modules/request/request.js:1048:10)
85 verbose stack     at emitOne (events.js:96:13)
85 verbose stack     at Request.emit (events.js:188:7)
85 verbose stack     at IncomingMessage.<anonymous> (/usr/local/lib/node_modules/npm/node_modules/request/request.js:969:12)
86 verbose statusCode 404
87 verbose pkgid babel-preset-en
88 verbose cwd /Users/mpb15sz/apps/nfl-elo
89 error Darwin 16.7.0
90 error argv "/usr/local/bin/node" "/usr/local/bin/npm" "i" "babel-core" "babel-loader" "babel-preset-react" "babel-preset-en" "--save-dev"
91 error node v6.11.1
92 error npm  v3.10.10
93 error code E404
94 error 404 Registry returned 404 for GET on https://registry.npmjs.org/babel-preset-en
95 error 404
96 error 404 'babel-preset-en' is not in the npm registry.
97 error 404 You should bug the author to publish it (or use the name yourself!)
98 error 404 Note that you can also install from a
99 error 404 tarball, folder, http url, or git url.
100 verbose exit [ 1, true ]
